Tue, 06 Sep 2022 13:56:47 +0000
Tue, 06 Sep 2022 14:53:31 +0000
Tue, 06 Sep 2022 14:59:13 +0000
Tue, 06 Sep 2022 15:01:22 +0000
Tue, 06 Sep 2022 15:01:37 +0000
Tue, 06 Sep 2022 15:03:19 +0000
Tue, 06 Sep 2022 15:03:20 +0000
Tue, 06 Sep 2022 15:07:11 +0000
Tue, 06 Sep 2022 15:07:38 +0000
Tue, 06 Sep 2022 15:08:30 +0000
Tue, 06 Sep 2022 15:09:28 +0000
Tue, 06 Sep 2022 16:00:53 +0000
Tue, 06 Sep 2022 16:06:28 +0000
Tue, 06 Sep 2022 16:06:50 +0000
Tue, 06 Sep 2022 16:12:21 +0000
Tue, 06 Sep 2022 16:13:01 +0000
Wed, 07 Sep 2022 13:07:33 +0000
Wed, 07 Sep 2022 13:08:32 +0000
Wed, 07 Sep 2022 13:17:01 +0000
Wed, 07 Sep 2022 13:17:03 +0000
Wed, 07 Sep 2022 13:17:04 +0000
Wed, 07 Sep 2022 13:17:05 +0000
Wed, 07 Sep 2022 13:17:06 +0000
Wed, 07 Sep 2022 13:17:07 +0000
Wed, 07 Sep 2022 13:18:01 +0000
Wed, 07 Sep 2022 13:18:02 +0000
Wed, 07 Sep 2022 13:18:02 +0000
Wed, 07 Sep 2022 13:18:02 +0000
Wed, 07 Sep 2022 13:18:50 +0000
Wed, 07 Sep 2022 13:18:50 +0000
Wed, 07 Sep 2022 13:20:41 +0000
Wed, 07 Sep 2022 13:21:00 +0000
Wed, 07 Sep 2022 13:22:12 +0000
Wed, 07 Sep 2022 13:24:18 +0000
Wed, 07 Sep 2022 13:24:19 +0000
Wed, 07 Sep 2022 13:24:30 +0000
Wed, 07 Sep 2022 13:25:14 +0000
Wed, 07 Sep 2022 13:25:49 +0000
Wed, 07 Sep 2022 13:25:50 +0000
Wed, 07 Sep 2022 13:29:31 +0000
Wed, 07 Sep 2022 13:36:43 +0000
Wed, 07 Sep 2022 13:36:59 +0000
Wed, 07 Sep 2022 13:37:00 +0000
Wed, 07 Sep 2022 13:37:16 +0000
Wed, 07 Sep 2022 13:38:10 +0000
Wed, 07 Sep 2022 13:38:28 +0000
Wed, 07 Sep 2022 13:38:29 +0000
Wed, 07 Sep 2022 13:47:21 +0000
Wed, 07 Sep 2022 13:50:01 +0000
Wed, 07 Sep 2022 13:50:20 +0000
Wed, 07 Sep 2022 13:50:27 +0000
Wed, 07 Sep 2022 14:26:18 +0000
Wed, 07 Sep 2022 14:27:32 +0000
Wed, 07 Sep 2022 14:27:41 +0000
Wed, 07 Sep 2022 14:30:38 +0000
Wed, 07 Sep 2022 14:30:40 +0000
Wed, 07 Sep 2022 14:30:48 +0000
Wed, 07 Sep 2022 14:32:52 +0000
Wed, 07 Sep 2022 15:33:25 +0000
Wed, 07 Sep 2022 15:34:31 +0000
Wed, 07 Sep 2022 15:35:23 +0000
Wed, 07 Sep 2022 15:44:07 +0000
Wed, 07 Sep 2022 16:04:20 +0000
Wed, 07 Sep 2022 16:05:53 +0000
Wed, 07 Sep 2022 16:06:09 +0000
Wed, 07 Sep 2022 16:06:20 +0000
Wed, 07 Sep 2022 16:06:31 +0000
Wed, 07 Sep 2022 16:11:51 +0000
Wed, 07 Sep 2022 16:12:07 +0000
Wed, 07 Sep 2022 16:12:47 +0000
Wed, 07 Sep 2022 16:14:08 +0000
Wed, 07 Sep 2022 16:14:09 +0000
Wed, 07 Sep 2022 16:14:17 +0000
Wed, 07 Sep 2022 16:14:21 +0000
Wed, 07 Sep 2022 16:14:22 +0000
Wed, 07 Sep 2022 16:17:28 +0000
Wed, 07 Sep 2022 16:18:38 +0000
Wed, 07 Sep 2022 16:21:35 +0000
Wed, 07 Sep 2022 16:21:41 +0000
Wed, 07 Sep 2022 16:26:19 +0000
Wed, 07 Sep 2022 16:37:00 +0000
Wed, 07 Sep 2022 16:37:41 +0000
Wed, 07 Sep 2022 16:45:13 +0000
Wed, 07 Sep 2022 16:50:55 +0000
Wed, 07 Sep 2022 16:53:17 +0000
Wed, 07 Sep 2022 16:54:45 +0000
Wed, 07 Sep 2022 16:57:02 +0000
Wed, 07 Sep 2022 17:00:27 +0000
Wed, 07 Sep 2022 17:00:29 +0000
Wed, 07 Sep 2022 17:00:55 +0000
Wed, 07 Sep 2022 17:00:56 +0000
Wed, 07 Sep 2022 17:00:57 +0000
Wed, 07 Sep 2022 17:00:58 +0000
Wed, 07 Sep 2022 17:01:55 +0000
Wed, 07 Sep 2022 17:02:01 +0000
Wed, 07 Sep 2022 17:12:41 +0000
Wed, 07 Sep 2022 17:13:14 +0000
Wed, 07 Sep 2022 17:13:48 +0000
Wed, 07 Sep 2022 17:13:50 +0000
Wed, 07 Sep 2022 17:13:51 +0000
Wed, 07 Sep 2022 17:15:28 +0000
Wed, 07 Sep 2022 17:15:31 +0000
Wed, 07 Sep 2022 17:16:48 +0000
Wed, 07 Sep 2022 17:20:48 +0000
Wed, 07 Sep 2022 17:21:13 +0000
Wed, 07 Sep 2022 17:21:39 +0000
Wed, 07 Sep 2022 17:21:52 +0000
Wed, 07 Sep 2022 17:21:55 +0000
Wed, 07 Sep 2022 17:22:44 +0000
Wed, 07 Sep 2022 17:24:19 +0000
Thu, 08 Sep 2022 01:32:15 +0000
Thu, 08 Sep 2022 01:32:32 +0000
Thu, 08 Sep 2022 01:33:20 +0000
Thu, 08 Sep 2022 01:33:42 +0000
Thu, 08 Sep 2022 01:33:56 +0000
Thu, 08 Sep 2022 01:34:07 +0000
Thu, 08 Sep 2022 01:34:16 +0000
Thu, 08 Sep 2022 01:35:11 +0000
Thu, 08 Sep 2022 01:35:34 +0000
Thu, 08 Sep 2022 01:37:32 +0000
Thu, 08 Sep 2022 01:37:35 +0000
Thu, 08 Sep 2022 01:39:20 +0000
Thu, 08 Sep 2022 01:39:42 +0000
Thu, 08 Sep 2022 01:42:28 +0000
Thu, 08 Sep 2022 01:42:56 +0000
Thu, 08 Sep 2022 01:43:18 +0000
Thu, 08 Sep 2022 01:48:09 +0000
Thu, 08 Sep 2022 01:48:11 +0000
Thu, 08 Sep 2022 01:49:27 +0000
Thu, 08 Sep 2022 02:00:53 +0000
Thu, 08 Sep 2022 02:02:15 +0000
Thu, 08 Sep 2022 02:02:27 +0000
Thu, 08 Sep 2022 02:03:38 +0000
Thu, 08 Sep 2022 02:05:29 +0000
Thu, 08 Sep 2022 02:05:30 +0000
Thu, 08 Sep 2022 02:06:02 +0000
Thu, 08 Sep 2022 02:07:08 +0000
Thu, 08 Sep 2022 02:07:37 +0000
Thu, 08 Sep 2022 02:07:56 +0000
Thu, 08 Sep 2022 02:08:14 +0000
Thu, 08 Sep 2022 02:08:15 +0000
Thu, 08 Sep 2022 02:08:16 +0000
Thu, 08 Sep 2022 02:30:26 +0000
Thu, 08 Sep 2022 02:30:28 +0000
Thu, 08 Sep 2022 02:32:06 +0000
Thu, 08 Sep 2022 02:34:37 +0000
Thu, 08 Sep 2022 02:39:05 +0000
Thu, 08 Sep 2022 02:39:40 +0000
Thu, 08 Sep 2022 02:54:59 +0000
Thu, 08 Sep 2022 02:55:01 +0000
Thu, 08 Sep 2022 02:55:04 +0000
Thu, 08 Sep 2022 02:55:04 +0000
Thu, 08 Sep 2022 02:55:05 +0000
Thu, 08 Sep 2022 02:55:06 +0000
Thu, 08 Sep 2022 03:06:33 +0000
Thu, 08 Sep 2022 03:08:09 +0000
Thu, 08 Sep 2022 03:08:26 +0000
Thu, 08 Sep 2022 03:08:26 +0000
Thu, 08 Sep 2022 03:09:31 +0000
Thu, 08 Sep 2022 03:09:31 +0000
Thu, 08 Sep 2022 03:10:04 +0000
Thu, 08 Sep 2022 03:10:04 +0000
Thu, 08 Sep 2022 03:11:02 +0000
Thu, 08 Sep 2022 03:11:02 +0000
Thu, 08 Sep 2022 03:12:05 +0000
Thu, 08 Sep 2022 03:12:05 +0000
Thu, 08 Sep 2022 03:12:06 +0000
Thu, 08 Sep 2022 03:12:06 +0000
Thu, 08 Sep 2022 03:12:43 +0000
Thu, 08 Sep 2022 03:12:43 +0000
Thu, 08 Sep 2022 03:13:27 +0000
Thu, 08 Sep 2022 03:15:24 +0000
Thu, 08 Sep 2022 03:16:54 +0000
Thu, 08 Sep 2022 03:16:55 +0000
Thu, 08 Sep 2022 03:17:38 +0000
Thu, 08 Sep 2022 03:17:49 +0000
Thu, 08 Sep 2022 03:19:33 +0000
Thu, 08 Sep 2022 03:19:40 +0000
Thu, 08 Sep 2022 03:19:47 +0000
Thu, 08 Sep 2022 03:19:49 +0000
Thu, 08 Sep 2022 03:19:56 +0000
Thu, 08 Sep 2022 03:22:08 +0000
Thu, 08 Sep 2022 03:22:20 +0000
Thu, 08 Sep 2022 03:22:21 +0000
Thu, 08 Sep 2022 03:22:21 +0000
Thu, 08 Sep 2022 03:22:29 +0000
Thu, 08 Sep 2022 08:55:21 +0000
Thu, 08 Sep 2022 08:55:36 +0000
Thu, 08 Sep 2022 08:55:44 +0000
Thu, 08 Sep 2022 08:55:46 +0000
Thu, 08 Sep 2022 08:55:51 +0000
Thu, 08 Sep 2022 08:55:54 +0000
Thu, 08 Sep 2022 10:13:49 +0000
Thu, 08 Sep 2022 10:13:53 +0000
Thu, 08 Sep 2022 10:14:04 +0000
Thu, 08 Sep 2022 10:14:05 +0000
Thu, 08 Sep 2022 10:14:06 +0000
Thu, 08 Sep 2022 10:14:07 +0000
Thu, 08 Sep 2022 10:14:08 +0000
Thu, 08 Sep 2022 10:14:09 +0000
Thu, 08 Sep 2022 10:15:57 +0000
Thu, 08 Sep 2022 10:17:32 +0000
Thu, 08 Sep 2022 10:19:06 +0000
Thu, 08 Sep 2022 10:19:27 +0000
Thu, 08 Sep 2022 10:20:12 +0000
Thu, 08 Sep 2022 10:20:41 +0000
Thu, 08 Sep 2022 10:23:47 +0000
Thu, 08 Sep 2022 10:24:30 +0000
Thu, 08 Sep 2022 10:25:12 +0000
Thu, 08 Sep 2022 10:26:25 +0000
Thu, 08 Sep 2022 10:26:50 +0000
Thu, 08 Sep 2022 10:40:01 +0000
Thu, 08 Sep 2022 10:40:03 +0000
Thu, 08 Sep 2022 10:40:04 +0000
Thu, 08 Sep 2022 13:05:51 +0000
Thu, 08 Sep 2022 13:06:38 +0000
Thu, 08 Sep 2022 13:06:48 +0000
Thu, 08 Sep 2022 13:06:49 +0000
Thu, 08 Sep 2022 13:06:50 +0000
Thu, 08 Sep 2022 13:08:12 +0000
Thu, 08 Sep 2022 13:08:14 +0000
Thu, 08 Sep 2022 13:08:14 +0000
Thu, 08 Sep 2022 13:08:15 +0000
Thu, 08 Sep 2022 13:09:24 +0000
Thu, 08 Sep 2022 13:09:25 +0000
Thu, 08 Sep 2022 13:10:40 +0000
Thu, 08 Sep 2022 13:10:41 +0000
